#
# A fatal error has been detected by the Java Runtime Environment:
#
#  SIGSEGV (0xb) at pc=0x000000012d391a03, pid=14802, tid=0x0000000000000103
#
# JRE version: Java(TM) SE Runtime Environment (8.0_333-b02) (build 1.8.0_333-b02)
# Java VM: Java HotSpot(TM) 64-Bit Server VM (25.333-b02 mixed mode bsd-amd64 compressed oops)
# Problematic frame:
# C  [libawt_lwawt.dylib+0x37a03]  Java_sun_lwawt_macosx_CRobot_mouseEvent+0x289
#
# Failed to write core dump. Core dumps have been disabled. To enable core dumping, try "ulimit -c unlimited" before starting Java again
#
# If you would like to submit a bug report, please visit:
#   http://bugreport.java.com/bugreport/crash.jsp
# The crash happened outside the Java Virtual Machine in native code.
# See problematic frame for where to report the bug.
#

---------------  T H R E A D  ---------------

Current thread (0x00007fb6dda2b000):  JavaThread "JavaFX Application Thread" [_thread_in_native, id=259, stack(0x0000000304640000,0x0000000304e40000)]

siginfo: si_signo: 11 (SIGSEGV), si_code: 1 (SEGV_MAPERR), si_addr: 0x0000000000000000

Registers:
RAX=0x0000000000000000, RBX=0x0000000000000005, RCX=0x0000000000000000, RDX=0x0000000000000000
RSP=0x0000000304e39f00, RBP=0x0000000304e3a010, RSI=0x0000000000000000, RDI=0x0000000304e39ed0
R8 =0x0000000000000001, R9 =0x0000000000c5da8d, R10=0x00007ff859e5d652, R11=0x00007ff81b421846
R12=0x0000000000000010, R13=0x0000000304e39f40, R14=0x000000012d3ed2f0, R15=0x000000012d3ed2e8
RIP=0x000000012d391a03, EFLAGS=0x0000000000000203, ERR=0x0000000000000006
  TRAPNO=0x000000000000000e

Top of Stack: (sp=0x0000000304e39f00)
0x0000000304e39f00:   0000000304e39f40 0000000304e39f40
0x0000000304e39f10:   0000000304e39f30 0000000109c85032
0x0000000304e39f20:   0000000304e39f40 0000000109ce2f94
0x0000000304e39f30:   0000000304e3a078 0000000304e39f90
0x0000000304e39f40:   00007ff85a023bd0 00000000c2000000
0x0000000304e39f50:   000000012d391b85 000000012d3dc438
0x0000000304e39f60:   0000000304e39fa8 0000000304e39fc8
0x0000000304e39f70:   000000012d580001 4084d80000000000
0x0000000304e39f80:   4082280000000000 00007fb6dc809088
0x0000000304e39f90:   00007fb6dda2b200 41c41fdfeb4fa701
0x0000000304e39fa0:   0000000000000000 0000000000000000
0x0000000304e39fb0:   0000000304e39fa8 0000002020000000
0x0000000304e39fc0:   0000000000000000 0000000000000000
0x0000000304e39fd0:   0000000304e39fc8 0000002020000000
0x0000000304e39fe0:   0000000100000001 000000012d588650
0x0000000304e39ff0:   0000000000000000 000000012d588650
0x0000000304e3a000:   0000000304e3a0f0 00007fb6dda2b000
0x0000000304e3a010:   0000000304e3a0a0 000000010b8b0187
0x0000000304e3a020:   0000000100000001 00007fb600000000
0x0000000304e3a030:   000000b4000000b5 00000000000000b4
0x0000000304e3a040:   0000000000000000 000000012d5881dc
0x0000000304e3a050:   0000000304e3a0f0 00007fb6dda2b000
0x0000000304e3a060:   0000000304e3a060 0000000000000000
0x0000000304e3a070:   0000000304e3a0f0 000000012d5888a8
0x0000000304e3a080:   0000000000000000 000000012d588650
0x0000000304e3a090:   0000000000000000 0000000304e3a0c0
0x0000000304e3a0a0:   0000000304e3a138 000000010b8a033d
0x0000000304e3a0b0:   0000000000000000 000000010b8a9d98
0x0000000304e3a0c0:   0000000000000000 0000000000000001
0x0000000304e3a0d0:   0000000000000010 0000000000000245
0x0000000304e3a0e0:   000000000000029b 0000000000000001
0x0000000304e3a0f0:   00000007955abb70 0000000304e3a0f8 

Instructions: (pc=0x000000012d391a03)
0x000000012d3919e3:   7f 05 00 8b 05 04 7f 05 00 8d 48 01 89 0d fb 7e
0x000000012d3919f3:   05 00 48 8b 0d fc 7e 05 00 48 8b 55 a0 8b 52 18
0x000000012d391a03:   89 04 91 eb 1c 66 0f 2e c1 76 09 44 8b 05 cf 7e
0x000000012d391a13:   05 00 eb 0d c7 05 c3 7e 05 00 00 00 00 00 45 31 

Register to memory mapping:

RAX=0x0000000000000000 is an unknown value
RBX=0x0000000000000005 is an unknown value
RCX=0x0000000000000000 is an unknown value
RDX=0x0000000000000000 is an unknown value
RSP=0x0000000304e39f00 is pointing into the stack for thread: 0x00007fb6dda2b000
RBP=0x0000000304e3a010 is pointing into the stack for thread: 0x00007fb6dda2b000
RSI=0x0000000000000000 is an unknown value
RDI=0x0000000304e39ed0 is pointing into the stack for thread: 0x00007fb6dda2b000
R8 =0x0000000000000001 is an unknown value
R9 =0x0000000000c5da8d is an unknown value
R10=0x00007ff859e5d652: OBJC_METACLASS_$_NSEvent+0x2 in /System/Library/Frameworks/AppKit.framework/Versions/C/AppKit at 0x00007ff81b2b9000
R11=0x00007ff81b421846: +[NSEvent doubleClickInterval]+0 in /System/Library/Frameworks/AppKit.framework/Versions/C/AppKit at 0x00007ff81b2b9000
R12=0x0000000000000010 is an unknown value
R13=0x0000000304e39f40 is pointing into the stack for thread: 0x00007fb6dda2b000
R14=0x000000012d3ed2f0: gNumberOfButtons+0 in /Library/Internet Plug-Ins/JavaAppletPlugin.plugin/Contents/Home/lib/libawt_lwawt.dylib at 0x000000012d35a000
R15=0x000000012d3ed2e8: gButtonDownMasks+0 in /Library/Internet Plug-Ins/JavaAppletPlugin.plugin/Contents/Home/lib/libawt_lwawt.dylib at 0x000000012d35a000


Stack: [0x0000000304640000,0x0000000304e40000],  sp=0x0000000304e39f00,  free space=8167k
Native frames: (J=compiled Java code, j=interpreted, Vv=VM code, C=native code)
C  [libawt_lwawt.dylib+0x37a03]  Java_sun_lwawt_macosx_CRobot_mouseEvent+0x289
j  sun.lwawt.macosx.CRobot.mouseEvent(IIIIZZ)V+0
j  sun.lwawt.macosx.CRobot.mousePress(I)V+33
j  java.awt.Robot.mousePress(I)V+10
j  application.SampleController.pressMouse(I)V+31
j  application.SampleController.Start()V+241
v  ~StubRoutines::call_stub
V  [libjvm.dylib+0x2d6e8f]
V  [libjvm.dylib+0x4d8670]
V  [libjvm.dylib+0x4d9208]
V  [libjvm.dylib+0x347a58]
j  sun.reflect.NativeMethodAccessorImpl.invoke0(Ljava/lang/reflect/Method;Ljava/lang/Object;[Ljava/lang/Object;)Ljava/lang/Object;+0
J 2533 C1 sun.reflect.NativeMethodAccessorImpl.invoke(Ljava/lang/Object;[Ljava/lang/Object;)Ljava/lang/Object; (104 bytes) @ 0x000000010c0952dc [0x000000010c094100+0x11dc]
J 816 C1 sun.reflect.DelegatingMethodAccessorImpl.invoke(Ljava/lang/Object;[Ljava/lang/Object;)Ljava/lang/Object; (10 bytes) @ 0x000000010bba2fcc [0x000000010bba2ec0+0x10c]
J 815 C1 java.lang.reflect.Method.invoke(Ljava/lang/Object;[Ljava/lang/Object;)Ljava/lang/Object; (62 bytes) @ 0x000000010bba185c [0x000000010bba1460+0x3fc]
J 4551 C1 sun.reflect.GeneratedMethodAccessor1.invoke(Ljava/lang/Object;[Ljava/lang/Object;)Ljava/lang/Object; (65 bytes) @ 0x000000010bed013c [0x000000010becfd80+0x3bc]
J 816 C1 sun.reflect.DelegatingMethodAccessorImpl.invoke(Ljava/lang/Object;[Ljava/lang/Object;)Ljava/lang/Object; (10 bytes) @ 0x000000010bba2fcc [0x000000010bba2ec0+0x10c]
J 815 C1 java.lang.reflect.Method.invoke(Ljava/lang/Object;[Ljava/lang/Object;)Ljava/lang/Object; (62 bytes) @ 0x000000010bba185c [0x000000010bba1460+0x3fc]
J 4419 C1 sun.reflect.misc.MethodUtil.invoke(Ljava/lang/reflect/Method;Ljava/lang/Object;[Ljava/lang/Object;)Ljava/lang/Object; (111 bytes) @ 0x000000010bc6700c [0x000000010bc66b40+0x4cc]
j  javafx.fxml.FXMLLoader$MethodHandler.invoke([Ljava/lang/Object;)V+38
j  javafx.fxml.FXMLLoader$ControllerMethodEventHandler.handle(Ljavafx/event/Event;)V+12
J 3745 C2 com.sun.javafx.event.EventHandlerManager.dispatchBubblingEvent(Ljavafx/event/Event;)Ljavafx/event/Event; (23 bytes) @ 0x000000010c4a01dc [0x000000010c49f700+0xadc]
J 4065 C2 com.sun.javafx.event.CompositeEventDispatcher.dispatchBubblingEvent(Ljavafx/event/Event;)Ljavafx/event/Event; (35 bytes) @ 0x000000010c57ae8c [0x000000010c57ae20+0x6c]
J 3798 C2 com.sun.javafx.event.BasicEventDispatcher.dispatchEvent(Ljavafx/event/Event;Ljavafx/event/EventDispatchChain;)Ljavafx/event/Event; (44 bytes) @ 0x000000010c4b98f0 [0x000000010c4b97c0+0x130]
J 3798 C2 com.sun.javafx.event.BasicEventDispatcher.dispatchEvent(Ljavafx/event/Event;Ljavafx/event/EventDispatchChain;)Ljavafx/event/Event; (44 bytes) @ 0x000000010c4b98b0 [0x000000010c4b97c0+0xf0]
J 3798 C2 com.sun.javafx.event.BasicEventDispatcher.dispatchEvent(Ljavafx/event/Event;Ljavafx/event/EventDispatchChain;)Ljavafx/event/Event; (44 bytes) @ 0x000000010c4b98b0 [0x000000010c4b97c0+0xf0]
J 3433 C2 com.sun.javafx.event.EventDispatchChainImpl.dispatchEvent(Ljavafx/event/Event;)Ljavafx/event/Event; (101 bytes) @ 0x000000010c37e05c [0x000000010c37dfa0+0xbc]
J 2460 C1 com.sun.javafx.event.EventUtil.fireEvent(Ljavafx/event/EventTarget;Ljavafx/event/Event;)Ljavafx/event/Event; (81 bytes) @ 0x000000010c05bb6c [0x000000010c05af80+0xbec]
J 2459 C1 javafx.event.Event.fireEvent(Ljavafx/event/EventTarget;Ljavafx/event/Event;)V (35 bytes) @ 0x000000010c05a92c [0x000000010c05a860+0xcc]
j  javafx.scene.Node.fireEvent(Ljavafx/event/Event;)V+86
j  javafx.scene.control.Button.fire()V+15
j  com.sun.javafx.scene.control.behavior.ButtonBehavior.mouseReleased(Ljavafx/scene/input/MouseEvent;)V+23
J 3963 C1 com.sun.javafx.scene.control.skin.BehaviorSkinBase$1.handle(Ljavafx/scene/input/MouseEvent;)V (121 bytes) @ 0x000000010c5455fc [0x000000010c5451e0+0x41c]
J 3962 C1 com.sun.javafx.scene.control.skin.BehaviorSkinBase$1.handle(Ljavafx/event/Event;)V (9 bytes) @ 0x000000010c543e2c [0x000000010c543cc0+0x16c]
J 3745 C2 com.sun.javafx.event.EventHandlerManager.dispatchBubblingEvent(Ljavafx/event/Event;)Ljavafx/event/Event; (23 bytes) @ 0x000000010c49faac [0x000000010c49f700+0x3ac]
J 4065 C2 com.sun.javafx.event.CompositeEventDispatcher.dispatchBubblingEvent(Ljavafx/event/Event;)Ljavafx/event/Event; (35 bytes) @ 0x000000010c57ae8c [0x000000010c57ae20+0x6c]
J 3798 C2 com.sun.javafx.event.BasicEventDispatcher.dispatchEvent(Ljavafx/event/Event;Ljavafx/event/EventDispatchChain;)Ljavafx/event/Event; (44 bytes) @ 0x000000010c4b98f0 [0x000000010c4b97c0+0x130]
J 3798 C2 com.sun.javafx.event.BasicEventDispatcher.dispatchEvent(Ljavafx/event/Event;Ljavafx/event/EventDispatchChain;)Ljavafx/event/Event; (44 bytes) @ 0x000000010c4b98b0 [0x000000010c4b97c0+0xf0]
J 3798 C2 com.sun.javafx.event.BasicEventDispatcher.dispatchEvent(Ljavafx/event/Event;Ljavafx/event/EventDispatchChain;)Ljavafx/event/Event; (44 bytes) @ 0x000000010c4b98b0 [0x000000010c4b97c0+0xf0]
J 3433 C2 com.sun.javafx.event.EventDispatchChainImpl.dispatchEvent(Ljavafx/event/Event;)Ljavafx/event/Event; (101 bytes) @ 0x000000010c37e05c [0x000000010c37dfa0+0xbc]
J 2460 C1 com.sun.javafx.event.EventUtil.fireEvent(Ljavafx/event/EventTarget;Ljavafx/event/Event;)Ljavafx/event/Event; (81 bytes) @ 0x000000010c05b6bc [0x000000010c05af80+0x73c]
J 2495 C1 javafx.scene.Scene$MouseHandler.process(Ljavafx/scene/input/MouseEvent;Z)V (735 bytes) @ 0x000000010c07da7c [0x000000010c07af60+0x2b1c]
J 3109 C1 javafx.scene.Scene$ScenePeerListener.mouseEvent(Ljavafx/event/EventType;DDDDLjavafx/scene/input/MouseButton;ZZZZZZZZZ)V (50 bytes) @ 0x000000010c261634 [0x000000010c261360+0x2d4]
J 3104 C1 com.sun.javafx.tk.quantum.GlassViewEventHandler$MouseEventNotification.run()Ljava/lang/Void; (663 bytes) @ 0x000000010c25f10c [0x000000010c25de20+0x12ec]
J 3103 C1 com.sun.javafx.tk.quantum.GlassViewEventHandler$MouseEventNotification.run()Ljava/lang/Object; (5 bytes) @ 0x000000010c25938c [0x000000010c259300+0x8c]
v  ~StubRoutines::call_stub
V  [libjvm.dylib+0x2d6e8f]
V  [libjvm.dylib+0x339eb5]
J 1779  java.security.AccessController.doPrivileged(Ljava/security/PrivilegedAction;Ljava/security/AccessControlContext;)Ljava/lang/Object; (0 bytes) @ 0x000000010be27c15 [0x000000010be27b40+0xd5]
J 3042 C1 com.sun.javafx.tk.quantum.GlassViewEventHandler$$Lambda$258.get()Ljava/lang/Object; (8 bytes) @ 0x000000010c234824 [0x000000010c234640+0x1e4]
J 2475 C1 com.sun.javafx.tk.quantum.QuantumToolkit.runWithoutRenderLock(Ljava/util/function/Supplier;)Ljava/lang/Object; (49 bytes) @ 0x000000010c06a1f4 [0x000000010c069cc0+0x534]
J 3039 C1 com.sun.javafx.tk.quantum.GlassViewEventHandler.handleMouseEvent(Lcom/sun/glass/ui/View;JIIIIIIIZZ)V (108 bytes) @ 0x000000010c235be4 [0x000000010c2357c0+0x424]
J 2522 C1 com.sun.glass.ui.View.notifyMouse(IIIIIIIZZ)V (221 bytes) @ 0x000000010c08f644 [0x000000010c08e5e0+0x1064]
J 2521 C1 com.sun.glass.ui.mac.MacView.notifyMouse(IIIIIIIZZ)V (100 bytes) @ 0x000000010c08ddd4 [0x000000010c08d8e0+0x4f4]
v  ~StubRoutines::call_stub
V  [libjvm.dylib+0x2d6e8f]
V  [libjvm.dylib+0x2fefdb]
V  [libjvm.dylib+0x303433]
C  [libglass.dylib+0xeed9]  -[GlassViewDelegate sendJavaMouseEvent:]+0x9d9
C  [AppKit+0x1b0418]  -[NSWindow(NSEventRouting) _reallySendEvent:isDelayedEvent:]+0xa90
C  [AppKit+0x1af76e]  -[NSWindow(NSEventRouting) sendEvent:]+0x160
C  [libglass.dylib+0x1a692]  -[GlassWindow_Normal sendEvent:]+0x62
C  [AppKit+0x1adb44]  -[NSApplication(NSEvent) sendEvent:]+0x160
C  [AppKit+0x46696b]  -[NSApplication _handleEvent:]+0x41
C  [AppKit+0x2f35e]  -[NSApplication run]+0x26f
C  [libglass.dylib+0xbb5b]  -[GlassApplication runLoop:]+0x76b
C  [Foundation+0x81857]  __NSThreadPerformPerform+0xb3
C  [CoreFoundation+0x7fbca]  __CFRUNLOOP_IS_CALLING_OUT_TO_A_SOURCE0_PERFORM_FUNCTION__+0x11
C  [CoreFoundation+0x7fb32]  __CFRunLoopDoSource0+0xb4
C  [CoreFoundation+0x7f8b0]  __CFRunLoopDoSources0+0xf2
C  [CoreFoundation+0x7e2c0]  __CFRunLoopRun+0x37c
C  [CoreFoundation+0x7d884]  CFRunLoopRunSpecific+0x232
C  [java+0x58cc]  CreateExecutionEnvironment+0x36b
C  [java+0x1ec6]  JLI_Launch+0x756
C  [java+0x81ea]  main+0x44
C  0x000000020074551e
C  0x0000000200740000

Java frames: (J=compiled Java code, j=interpreted, Vv=VM code)
j  sun.lwawt.macosx.CRobot.mouseEvent(IIIIZZ)V+0
j  sun.lwawt.macosx.CRobot.mousePress(I)V+33
j  java.awt.Robot.mousePress(I)V+10
j  application.SampleController.pressMouse(I)V+31
j  application.SampleController.Start()V+241
v  ~StubRoutines::call_stub
j  sun.reflect.NativeMethodAccessorImpl.invoke0(Ljava/lang/reflect/Method;Ljava/lang/Object;[Ljava/lang/Object;)Ljava/lang/Object;+0
J 2533 C1 sun.reflect.NativeMethodAccessorImpl.invoke(Ljava/lang/Object;[Ljava/lang/Object;)Ljava/lang/Object; (104 bytes) @ 0x000000010c0952dc [0x000000010c094100+0x11dc]
J 816 C1 sun.reflect.DelegatingMethodAccessorImpl.invoke(Ljava/lang/Object;[Ljava/lang/Object;)Ljava/lang/Object; (10 bytes) @ 0x000000010bba2fcc [0x000000010bba2ec0+0x10c]
J 815 C1 java.lang.reflect.Method.invoke(Ljava/lang/Object;[Ljava/lang/Object;)Ljava/lang/Object; (62 bytes) @ 0x000000010bba185c [0x000000010bba1460+0x3fc]
J 4551 C1 sun.reflect.GeneratedMethodAccessor1.invoke(Ljava/lang/Object;[Ljava/lang/Object;)Ljava/lang/Object; (65 bytes) @ 0x000000010bed013c [0x000000010becfd80+0x3bc]
J 816 C1 sun.reflect.DelegatingMethodAccessorImpl.invoke(Ljava/lang/Object;[Ljava/lang/Object;)Ljava/lang/Object; (10 bytes) @ 0x000000010bba2fcc [0x000000010bba2ec0+0x10c]
J 815 C1 java.lang.reflect.Method.invoke(Ljava/lang/Object;[Ljava/lang/Object;)Ljava/lang/Object; (62 bytes) @ 0x000000010bba185c [0x000000010bba1460+0x3fc]
J 4419 C1 sun.reflect.misc.MethodUtil.invoke(Ljava/lang/reflect/Method;Ljava/lang/Object;[Ljava/lang/Object;)Ljava/lang/Object; (111 bytes) @ 0x000000010bc6700c [0x000000010bc66b40+0x4cc]
j  javafx.fxml.FXMLLoader$MethodHandler.invoke([Ljava/lang/Object;)V+38
j  javafx.fxml.FXMLLoader$ControllerMethodEventHandler.handle(Ljavafx/event/Event;)V+12
J 3745 C2 com.sun.javafx.event.EventHandlerManager.dispatchBubblingEvent(Ljavafx/event/Event;)Ljavafx/event/Event; (23 bytes) @ 0x000000010c4a01dc [0x000000010c49f700+0xadc]
J 4065 C2 com.sun.javafx.event.CompositeEventDispatcher.dispatchBubblingEvent(Ljavafx/event/Event;)Ljavafx/event/Event; (35 bytes) @ 0x000000010c57ae8c [0x000000010c57ae20+0x6c]
J 3798 C2 com.sun.javafx.event.BasicEventDispatcher.dispatchEvent(Ljavafx/event/Event;Ljavafx/event/EventDispatchChain;)Ljavafx/event/Event; (44 bytes) @ 0x000000010c4b98f0 [0x000000010c4b97c0+0x130]
J 3798 C2 com.sun.javafx.event.BasicEventDispatcher.dispatchEvent(Ljavafx/event/Event;Ljavafx/event/EventDispatchChain;)Ljavafx/event/Event; (44 bytes) @ 0x000000010c4b98b0 [0x000000010c4b97c0+0xf0]
J 3798 C2 com.sun.javafx.event.BasicEventDispatcher.dispatchEvent(Ljavafx/event/Event;Ljavafx/event/EventDispatchChain;)Ljavafx/event/Event; (44 bytes) @ 0x000000010c4b98b0 [0x000000010c4b97c0+0xf0]
J 3433 C2 com.sun.javafx.event.EventDispatchChainImpl.dispatchEvent(Ljavafx/event/Event;)Ljavafx/event/Event; (101 bytes) @ 0x000000010c37e05c [0x000000010c37dfa0+0xbc]
J 2460 C1 com.sun.javafx.event.EventUtil.fireEvent(Ljavafx/event/EventTarget;Ljavafx/event/Event;)Ljavafx/event/Event; (81 bytes) @ 0x000000010c05bb6c [0x000000010c05af80+0xbec]
J 2459 C1 javafx.event.Event.fireEvent(Ljavafx/event/EventTarget;Ljavafx/event/Event;)V (35 bytes) @ 0x000000010c05a92c [0x000000010c05a860+0xcc]
j  javafx.scene.Node.fireEvent(Ljavafx/event/Event;)V+86
j  javafx.scene.control.Button.fire()V+15
j  com.sun.javafx.scene.control.behavior.ButtonBehavior.mouseReleased(Ljavafx/scene/input/MouseEvent;)V+23
J 3963 C1 com.sun.javafx.scene.control.skin.BehaviorSkinBase$1.handle(Ljavafx/scene/input/MouseEvent;)V (121 bytes) @ 0x000000010c5455fc [0x000000010c5451e0+0x41c]
J 3962 C1 com.sun.javafx.scene.control.skin.BehaviorSkinBase$1.handle(Ljavafx/event/Event;)V (9 bytes) @ 0x000000010c543e2c [0x000000010c543cc0+0x16c]
J 3745 C2 com.sun.javafx.event.EventHandlerManager.dispatchBubblingEvent(Ljavafx/event/Event;)Ljavafx/event/Event; (23 bytes) @ 0x000000010c49faac [0x000000010c49f700+0x3ac]
J 4065 C2 com.sun.javafx.event.CompositeEventDispatcher.dispatchBubblingEvent(Ljavafx/event/Event;)Ljavafx/event/Event; (35 bytes) @ 0x000000010c57ae8c [0x000000010c57ae20+0x6c]
J 3798 C2 com.sun.javafx.event.BasicEventDispatcher.dispatchEvent(Ljavafx/event/Event;Ljavafx/event/EventDispatchChain;)Ljavafx/event/Event; (44 bytes) @ 0x000000010c4b98f0 [0x000000010c4b97c0+0x130]
J 3798 C2 com.sun.javafx.event.BasicEventDispatcher.dispatchEvent(Ljavafx/event/Event;Ljavafx/event/EventDispatchChain;)Ljavafx/event/Event; (44 bytes) @ 0x000000010c4b98b0 [0x000000010c4b97c0+0xf0]
J 3798 C2 com.sun.javafx.event.BasicEventDispatcher.dispatchEvent(Ljavafx/event/Event;Ljavafx/event/EventDispatchChain;)Ljavafx/event/Event; (44 bytes) @ 0x000000010c4b98b0 [0x000000010c4b97c0+0xf0]
J 3433 C2 com.sun.javafx.event.EventDispatchChainImpl.dispatchEvent(Ljavafx/event/Event;)Ljavafx/event/Event; (101 bytes) @ 0x000000010c37e05c [0x000000010c37dfa0+0xbc]
J 2460 C1 com.sun.javafx.event.EventUtil.fireEvent(Ljavafx/event/EventTarget;Ljavafx/event/Event;)Ljavafx/event/Event; (81 bytes) @ 0x000000010c05b6bc [0x000000010c05af80+0x73c]
J 2495 C1 javafx.scene.Scene$MouseHandler.process(Ljavafx/scene/input/MouseEvent;Z)V (735 bytes) @ 0x000000010c07da7c [0x000000010c07af60+0x2b1c]
J 3109 C1 javafx.scene.Scene$ScenePeerListener.mouseEvent(Ljavafx/event/EventType;DDDDLjavafx/scene/input/MouseButton;ZZZZZZZZZ)V (50 bytes) @ 0x000000010c261634 [0x000000010c261360+0x2d4]
J 3104 C1 com.sun.javafx.tk.quantum.GlassViewEventHandler$MouseEventNotification.run()Ljava/lang/Void; (663 bytes) @ 0x000000010c25f10c [0x000000010c25de20+0x12ec]
J 3103 C1 com.sun.javafx.tk.quantum.GlassViewEventHandler$MouseEventNotification.run()Ljava/lang/Object; (5 bytes) @ 0x000000010c25938c [0x000000010c259300+0x8c]
v  ~StubRoutines::call_stub
J 1779  java.security.AccessController.doPrivileged(Ljava/security/PrivilegedAction;Ljava/security/AccessControlContext;)Ljava/lang/Object; (0 bytes) @ 0x000000010be27ba3 [0x000000010be27b40+0x63]
J 3042 C1 com.sun.javafx.tk.quantum.GlassViewEventHandler$$Lambda$258.get()Ljava/lang/Object; (8 bytes) @ 0x000000010c234824 [0x000000010c234640+0x1e4]
J 2475 C1 com.sun.javafx.tk.quantum.QuantumToolkit.runWithoutRenderLock(Ljava/util/function/Supplier;)Ljava/lang/Object; (49 bytes) @ 0x000000010c06a1f4 [0x000000010c069cc0+0x534]
J 3039 C1 com.sun.javafx.tk.quantum.GlassViewEventHandler.handleMouseEvent(Lcom/sun/glass/ui/View;JIIIIIIIZZ)V (108 bytes) @ 0x000000010c235be4 [0x000000010c2357c0+0x424]
J 2522 C1 com.sun.glass.ui.View.notifyMouse(IIIIIIIZZ)V (221 bytes) @ 0x000000010c08f644 [0x000000010c08e5e0+0x1064]
J 2521 C1 com.sun.glass.ui.mac.MacView.notifyMouse(IIIIIIIZZ)V (100 bytes) @ 0x000000010c08ddd4 [0x000000010c08d8e0+0x4f4]
v  ~StubRoutines::call_stub

---------------  P R O C E S S  ---------------

Java Threads: ( => current thread )
  0x00007fb67b809800 JavaThread "Java2D Disposer" daemon [_thread_blocked, id=173827, stack(0x0000000306c52000,0x0000000306d52000)]
  0x00007fb67b808800 JavaThread "Java2D Queue Flusher" daemon [_thread_blocked, id=15631, stack(0x0000000306b4f000,0x0000000306c4f000)]
  0x00007fb6bd00a000 JavaThread "PulseTimer-CVDisplayLink thread" daemon [_thread_in_native, id=65963, stack(0x0000000305ae8000,0x0000000305b68000)]
  0x00007fb6dda4d000 JavaThread "Prism Font Disposer" daemon [_thread_blocked, id=50751, stack(0x00000003068b3000,0x00000003069b3000)]
  0x00007fb6dc88f000 JavaThread "JavaFX-Launcher" [_thread_blocked, id=53667, stack(0x00000003066a0000,0x00000003067a0000)]
=>0x00007fb6dda2b000 JavaThread "JavaFX Application Thread" [_thread_in_native, id=259, stack(0x0000000304640000,0x0000000304e40000)]
  0x00007fb6dda33000 JavaThread "Thread-1" daemon [_thread_blocked, id=37627, stack(0x0000000306497000,0x0000000306597000)]
  0x00007fb6db87e800 JavaThread "QuantumRenderer-0" daemon [_thread_blocked, id=23859, stack(0x000000030630c000,0x000000030640c000)]
  0x00007fb6dd843800 JavaThread "Service Thread" daemon [_thread_blocked, id=41991, stack(0x0000000306106000,0x0000000306206000)]
  0x00007fb6dd083800 JavaThread "C1 CompilerThread3" daemon [_thread_blocked, id=43011, stack(0x0000000306003000,0x0000000306103000)]
  0x00007fb6dd822800 JavaThread "C2 CompilerThread2" daemon [_thread_blocked, id=22531, stack(0x0000000305f00000,0x0000000306000000)]
  0x00007fb6dd80b800 JavaThread "C2 CompilerThread1" daemon [_thread_blocked, id=22019, stack(0x0000000305dfd000,0x0000000305efd000)]
  0x00007fb6dd821000 JavaThread "C2 CompilerThread0" daemon [_thread_blocked, id=16899, stack(0x0000000305cfa000,0x0000000305dfa000)]
  0x00007fb6dd053000 JavaThread "Signal Dispatcher" daemon [_thread_blocked, id=16643, stack(0x0000000305bf7000,0x0000000305cf7000)]
  0x00007fb6dd032000 JavaThread "Finalizer" daemon [_thread_blocked, id=19235, stack(0x00000003059e5000,0x0000000305ae5000)]
  0x00007fb6dc810800 JavaThread "Reference Handler" daemon [_thread_blocked, id=19491, stack(0x00000003058e2000,0x00000003059e2000)]
  0x00007fb6db809000 JavaThread "main" [_thread_blocked, id=9987, stack(0x0000000304ec4000,0x0000000304fc4000)]

Other Threads:
  0x00007fb6dc80e000 VMThread [stack: 0x00000003057df000,0x00000003058df000] [id=19971]
  0x00007fb6dd050000 WatcherThread [stack: 0x0000000306209000,0x0000000306309000] [id=41227]

VM state:not at safepoint (normal execution)

VM Mutex/Monitor currently owned by a thread: None

heap address: 0x0000000740000000, size: 2048 MB, Compressed Oops mode: Zero based, Oop shift amount: 3
Narrow klass base: 0x0000000000000000, Narrow klass shift: 3
Compressed class space size: 1073741824 Address: 0x00000007c0000000

Heap:
 PSYoungGen      total 38400K, used 522K [0x0000000795580000, 0x0000000799c00000, 0x00000007c0000000)
  eden space 33280K, 1% used [0x0000000795580000,0x00000007956029b0,0x0000000797600000)
  from space 5120K, 0% used [0x0000000797600000,0x0000000797600000,0x0000000797b00000)
  to   space 5120K, 0% used [0x0000000799700000,0x0000000799700000,0x0000000799c00000)
 ParOldGen       total 46592K, used 8788K [0x0000000740000000, 0x0000000742d80000, 0x0000000795580000)
  object space 46592K, 18% used [0x0000000740000000,0x0000000740895368,0x0000000742d80000)
 Metaspace       used 20707K, capacity 21722K, committed 22016K, reserved 1069056K
  class space    used 2764K, capacity 3003K, committed 3072K, reserved 1048576K

Card table byte_map: [0x00000001091d0000,0x00000001095d1000] byte_map_base: 0x00000001057d0000

Marking Bits: (ParMarkBitMap*) 0x000000010a1d82e8
 Begin Bits: [0x000000011a898000, 0x000000011c898000)
 End Bits:   [0x000000011c898000, 0x000000011e898000)

Polling page: 0x0000000108cef000

CodeCache: size=245760Kb used=13228Kb max_used=13863Kb free=232531Kb
 bounds [0x000000010b898000, 0x000000010c638000, 0x000000011a898000]
 total_blobs=4842 nmethods=4111 adapters=644
 compilation: enabled

Compilation events (10 events):
Event: 88.116 Thread 0x00007fb6dd083800 4606  s    3       sun.java2d.loops.GraphicsPrimitive::makeUniqueID (26 bytes)
Event: 88.116 Thread 0x00007fb6dd083800 nmethod 4606 0x000000010bead750 code [0x000000010bead8c0, 0x000000010beadd50]
Event: 88.117 Thread 0x00007fb6dd083800 4607       3       sun.java2d.loops.GraphicsPrimitive::<init> (75 bytes)
Event: 88.117 Thread 0x00007fb6dd083800 nmethod 4607 0x000000010be0b710 code [0x000000010be0b8a0, 0x000000010be0bf90]
Event: 88.125 Thread 0x00007fb6dd083800 4608       3       jdk.internal.org.objectweb.asm.ClassWriter::visitField (16 bytes)
Event: 88.125 Thread 0x00007fb6dd083800 nmethod 4608 0x000000010be35cd0 code [0x000000010be35e40, 0x000000010be36068]
Event: 88.129 Thread 0x00007fb6dd083800 4609       3       jdk.internal.org.objectweb.asm.FieldWriter::<init> (97 bytes)
Event: 88.129 Thread 0x00007fb6dd083800 nmethod 4609 0x000000010be1cb10 code [0x000000010be1cce0, 0x000000010be1d1c8]
Event: 88.137 Thread 0x00007fb6dd083800 4610       3       sun.reflect.ReflectionFactory::checkInitted (19 bytes)
Event: 88.137 Thread 0x00007fb6dd083800 nmethod 4610 0x000000010be3dcd0 code [0x000000010be3de60, 0x000000010be3e128]

GC Heap History (8 events):
Event: 1.237 GC heap before
{Heap before GC invocations=1 (full 0):
 PSYoungGen      total 38400K, used 33280K [0x0000000795580000, 0x0000000798000000, 0x00000007c0000000)
  eden space 33280K, 100% used [0x0000000795580000,0x0000000797600000,0x0000000797600000)
  from space 5120K, 0% used [0x0000000797b00000,0x0000000797b00000,0x0000000798000000)
  to   space 5120K, 0% used [0x0000000797600000,0x0000000797600000,0x0000000797b00000)
 ParOldGen       total 87552K, used 0K [0x0000000740000000, 0x0000000745580000, 0x0000000795580000)
  object space 87552K, 0% used [0x0000000740000000,0x0000000740000000,0x0000000745580000)
 Metaspace       used 14489K, capacity 15206K, committed 15360K, reserved 1062912K
  class space    used 2045K, capacity 2201K, committed 2304K, reserved 1048576K
Event: 1.254 GC heap after
Heap after GC invocations=1 (full 0):
 PSYoungGen      total 38400K, used 4993K [0x0000000795580000, 0x000000079a080000, 0x00000007c0000000)
  eden space 33280K, 0% used [0x0000000795580000,0x0000000795580000,0x0000000797600000)
  from space 5120K, 97% used [0x0000000797600000,0x0000000797ae05a0,0x0000000797b00000)
  to   space 5120K, 0% used [0x0000000799b80000,0x0000000799b80000,0x000000079a080000)
 ParOldGen       total 87552K, used 8K [0x0000000740000000, 0x0000000745580000, 0x0000000795580000)
  object space 87552K, 0% used [0x0000000740000000,0x0000000740002000,0x0000000745580000)
 Metaspace       used 14489K, capacity 15206K, committed 15360K, reserved 1062912K
  class space    used 2045K, capacity 2201K, committed 2304K, reserved 1048576K
}
Event: 31.971 GC heap before
{Heap before GC invocations=2 (full 0):
 PSYoungGen      total 38400K, used 38273K [0x0000000795580000, 0x000000079a080000, 0x00000007c0000000)
  eden space 33280K, 100% used [0x0000000795580000,0x0000000797600000,0x0000000797600000)
  from space 5120K, 97% used [0x0000000797600000,0x0000000797ae05a0,0x0000000797b00000)
  to   space 5120K, 0% used [0x0000000799b80000,0x0000000799b80000,0x000000079a080000)
 ParOldGen       total 87552K, used 8K [0x0000000740000000, 0x0000000745580000, 0x0000000795580000)
  object space 87552K, 0% used [0x0000000740000000,0x0000000740002000,0x0000000745580000)
 Metaspace       used 18775K, capacity 19844K, committed 19968K, reserved 1067008K
  class space    used 2570K, capacity 2806K, committed 2816K, reserved 1048576K
Event: 32.055 GC heap after
Heap after GC invocations=2 (full 0):
 PSYoungGen      total 38400K, used 5091K [0x0000000795580000, 0x000000079a080000, 0x00000007c0000000)
  eden space 33280K, 0% used [0x0000000795580000,0x0000000795580000,0x0000000797600000)
  from space 5120K, 99% used [0x0000000799b80000,0x000000079a078f68,0x000000079a080000)
  to   space 5120K, 0% used [0x0000000797600000,0x0000000797600000,0x0000000797b00000)
 ParOldGen       total 87552K, used 4008K [0x0000000740000000, 0x0000000745580000, 0x0000000795580000)
  object space 87552K, 4% used [0x0000000740000000,0x00000007403ea330,0x0000000745580000)
 Metaspace       used 18775K, capacity 19844K, committed 19968K, reserved 1067008K
  class space    used 2570K, capacity 2806K, committed 2816K, reserved 1048576K
}
Event: 88.013 GC heap before
{Heap before GC invocations=3 (full 0):
 PSYoungGen      total 38400K, used 27899K [0x0000000795580000, 0x000000079a080000, 0x00000007c0000000)
  eden space 33280K, 68% used [0x0000000795580000,0x0000000796bc5ec0,0x0000000797600000)
  from space 5120K, 99% used [0x0000000799b80000,0x000000079a078f68,0x000000079a080000)
  to   space 5120K, 0% used [0x0000000797600000,0x0000000797600000,0x0000000797b00000)
 ParOldGen       total 87552K, used 4008K [0x0000000740000000, 0x0000000745580000, 0x0000000795580000)
  object space 87552K, 4% used [0x0000000740000000,0x00000007403ea330,0x0000000745580000)
 Metaspace       used 20255K, capacity 21266K, committed 21296K, reserved 1067008K
  class space    used 2693K, capacity 2937K, committed 2944K, reserved 1048576K
Event: 88.068 GC heap after
Heap after GC invocations=3 (full 0):
 PSYoungGen      total 38400K, used 5091K [0x0000000795580000, 0x0000000799c00000, 0x00000007c0000000)
  eden space 33280K, 0% used [0x0000000795580000,0x0000000795580000,0x0000000797600000)
  from space 5120K, 99% used [0x0000000797600000,0x0000000797af8f48,0x0000000797b00000)
  to   space 5120K, 0% used [0x0000000799700000,0x0000000799700000,0x0000000799c00000)
 ParOldGen       total 87552K, used 5069K [0x0000000740000000, 0x0000000745580000, 0x0000000795580000)
  object space 87552K, 5% used [0x0000000740000000,0x00000007404f3550,0x0000000745580000)
 Metaspace       used 20255K, capacity 21266K, committed 21296K, reserved 1067008K
  class space    used 2693K, capacity 2937K, committed 2944K, reserved 1048576K
}
Event: 88.068 GC heap before
{Heap before GC invocations=4 (full 1):
 PSYoungGen      total 38400K, used 5091K [0x0000000795580000, 0x0000000799c00000, 0x00000007c0000000)
  eden space 33280K, 0% used [0x0000000795580000,0x0000000795580000,0x0000000797600000)
  from space 5120K, 99% used [0x0000000797600000,0x0000000797af8f48,0x0000000797b00000)
  to   space 5120K, 0% used [0x0000000799700000,0x0000000799700000,0x0000000799c00000)
 ParOldGen       total 87552K, used 5069K [0x0000000740000000, 0x0000000745580000, 0x0000000795580000)
  object space 87552K, 5% used [0x0000000740000000,0x00000007404f3550,0x0000000745580000)
 Metaspace       used 20255K, capacity 21266K, committed 21296K, reserved 1067008K
  class space    used 2693K, capacity 2937K, committed 2944K, reserved 1048576K
Event: 88.102 GC heap after
Heap after GC invocations=4 (full 1):
 PSYoungGen      total 38400K, used 0K [0x0000000795580000, 0x0000000799c00000, 0x00000007c0000000)
  eden space 33280K, 0% used [0x0000000795580000,0x0000000795580000,0x0000000797600000)
  from space 5120K, 0% used [0x0000000797600000,0x0000000797600000,0x0000000797b00000)
  to   space 5120K, 0% used [0x0000000799700000,0x0000000799700000,0x0000000799c00000)
 ParOldGen       total 46592K, used 8788K [0x0000000740000000, 0x0000000742d80000, 0x0000000795580000)
  object space 46592K, 18% used [0x0000000740000000,0x0000000740895368,0x0000000742d80000)
 Metaspace       used 20255K, capacity 21266K, committed 21296K, reserved 1067008K
  class space    used 2693K, capacity 2937K, committed 2944K, reserved 1048576K
}

Deoptimization events (10 events):
Event: 44.762 Thread 0x00007fb6dda2b000 Uncommon trap: reason=unstable_if action=reinterpret pc=0x000000010c364a18 method=java.util.HashMap.removeNode(ILjava/lang/Object;Ljava/lang/Object;ZZ)Ljava/util/HashMap$Node; @ 58
Event: 44.997 Thread 0x00007fb6db87e800 Uncommon trap: reason=predicate action=maybe_recompile pc=0x000000010c4a4864 method=com.sun.prism.impl.GlyphCache.render(Lcom/sun/prism/impl/BaseContext;Lcom/sun/javafx/scene/text/GlyphList;FFIILcom/sun/prism/paint/Color;Lcom/sun/prism/paint/Color;Lcom/su
Event: 53.239 Thread 0x00007fb6dda2b000 Uncommon trap: reason=array_check action=maybe_recompile pc=0x000000010c57c1a4 method=com.sun.javafx.css.CompoundSelector.applies(Ljavafx/css/Styleable;[Ljava/util/Set;I)Z @ 128
Event: 53.239 Thread 0x00007fb6dda2b000 Uncommon trap: reason=array_check action=maybe_recompile pc=0x000000010c57c1a4 method=com.sun.javafx.css.CompoundSelector.applies(Ljavafx/css/Styleable;[Ljava/util/Set;I)Z @ 128
Event: 53.239 Thread 0x00007fb6dda2b000 Uncommon trap: reason=array_check action=maybe_recompile pc=0x000000010c57c1a4 method=com.sun.javafx.css.CompoundSelector.applies(Ljavafx/css/Styleable;[Ljava/util/Set;I)Z @ 128
Event: 53.239 Thread 0x00007fb6dda2b000 Uncommon trap: reason=array_check action=maybe_recompile pc=0x000000010c57c1a4 method=com.sun.javafx.css.CompoundSelector.applies(Ljavafx/css/Styleable;[Ljava/util/Set;I)Z @ 128
Event: 70.490 Thread 0x00007fb6dda2b000 Uncommon trap: reason=unstable_if action=reinterpret pc=0x000000010c506a3c method=javafx.scene.Parent.recomputeBounds()V @ 57
Event: 87.989 Thread 0x00007fb6dda2b000 Uncommon trap: reason=unstable_if action=reinterpret pc=0x000000010c14cc1c method=java.util.HashMap.clear()V @ 16
Event: 87.997 Thread 0x00007fb67b808800 Uncommon trap: reason=unstable_if action=reinterpret pc=0x000000010c26ad08 method=java.util.HashMap.clear()V @ 16
Event: 88.129 Thread 0x00007fb67b808800 Uncommon trap: reason=unstable_if action=reinterpret pc=0x000000010bffa764 method=java.lang.ThreadLocal.get()Ljava/lang/Object; @ 11

Classes redefined (0 events):
No events

Internal exceptions (10 events):
Event: 1.003 Thread 0x00007fb6dda2b000 Implicit null exception at 0x000000010bb85eb5 to 0x000000010bb860f1
Event: 1.074 Thread 0x00007fb6dda2b000 Exception <a 'java/io/FileNotFoundException'> (0x00000007971db288) thrown at [/System/Volumes/Data/jenkins/workspace/8-2-build-macosx-x86_64/jdk8u333/2551/hotspot/src/share/vm/prims/jni.cpp, line 710]
Event: 1.587 Thread 0x00007fb6dda2b000 Implicit null exception at 0x000000010bd098ee to 0x000000010bd0a071
Event: 12.329 Thread 0x00007fb6dda2b000 Implicit null exception at 0x000000010c06d827 to 0x000000010c06e06d
Event: 87.980 Thread 0x00007fb6dda2b000 Exception <a 'java/io/FileNotFoundException'> (0x0000000796b24888) thrown at [/System/Volumes/Data/jenkins/workspace/8-2-build-macosx-x86_64/jdk8u333/2551/hotspot/src/share/vm/prims/jni.cpp, line 710]
Event: 87.986 Thread 0x00007fb6dda2b000 Exception <a 'java/io/FileNotFoundException'> (0x0000000796b2a870) thrown at [/System/Volumes/Data/jenkins/workspace/8-2-build-macosx-x86_64/jdk8u333/2551/hotspot/src/share/vm/prims/jni.cpp, line 710]
Event: 87.986 Thread 0x00007fb6dda2b000 Exception <a 'java/io/FileNotFoundException'> (0x0000000796b2b780) thrown at [/System/Volumes/Data/jenkins/workspace/8-2-build-macosx-x86_64/jdk8u333/2551/hotspot/src/share/vm/prims/jni.cpp, line 710]
Event: 87.989 Thread 0x00007fb6dda2b000 Implicit null exception at 0x000000010c14cb55 to 0x000000010c14cc0d
Event: 87.997 Thread 0x00007fb67b808800 Implicit null exception at 0x000000010c26ac2d to 0x000000010c26acf9
Event: 88.129 Thread 0x00007fb67b808800 Implicit null exception at 0x000000010bffa688 to 0x000000010bffa751

Events (10 events):
Event: 88.526 loading class java/awt/geom/Rectangle2D$Double
Event: 88.526 loading class java/awt/geom/Rectangle2D
Event: 88.526 loading class java/awt/geom/RectangularShape
Event: 88.526 loading class java/awt/geom/RectangularShape done
Event: 88.526 loading class java/awt/geom/Rectangle2D done
Event: 88.526 loading class java/awt/geom/Rectangle2D$Double done
Event: 88.526 loading class java/awt/Rectangle
Event: 88.527 loading class java/awt/Rectangle done
Event: 88.527 loading class java/awt/PointerInfo
Event: 88.527 loading class java/awt/PointerInfo done


Dynamic libraries:
0x00007ff82fbbe000 	/System/Library/Frameworks/Cocoa.framework/Versions/A/Cocoa
0x00007ff81b2b9000 	/System/Library/Frameworks/AppKit.framework/Versions/C/AppKit
0x00007ff81e823000 	/System/Library/Frameworks/CoreData.framework/Versions/A/CoreData
0x00007ff8196c5000 	/System/Library/Frameworks/Foundation.framework/Versions/C/Foundation
0x00007ff823aa5000 	/usr/lib/libSystem.B.dylib
0x00007ff81c147000 	/System/Library/PrivateFrameworks/UIFoundation.framework/Versions/A/UIFoundation
0x00007ff829ac4000 	/System/Library/PrivateFrameworks/RemoteViewServices.framework/Versions/A/RemoteViewServices
0x00007ff821d68000 	/System/Library/PrivateFrameworks/XCTTargetBootstrap.framework/Versions/A/XCTTargetBootstrap
0x00007ff82596a000 	/System/Library/PrivateFrameworks/InternationalSupport.framework/Versions/A/InternationalSupport
0x00007ff8259f4000 	/System/Library/PrivateFrameworks/UserActivity.framework/Versions/A/UserActivity
0x00007ff824d4e000 	/usr/lib/libspindump.dylib
0x00007ff81c3d5000 	/System/Library/Frameworks/UniformTypeIdentifiers.framework/Versions/A/UniformTypeIdentifiers
0x00007ff820491000 	/usr/lib/libapp_launch_measurement.dylib
0x00007ff81f204000 	/System/Library/PrivateFrameworks/CoreAnalytics.framework/Versions/A/CoreAnalytics
0x00007ff820494000 	/System/Library/PrivateFrameworks/CoreAutoLayout.framework/Versions/A/CoreAutoLayout
0x00007ff8216c2000 	/System/Library/Frameworks/Metal.framework/Versions/A/Metal
0x00007ff8223ee000 	/usr/lib/liblangid.dylib
0x00007ff821d6d000 	/System/Library/PrivateFrameworks/CoreSVG.framework/Versions/A/CoreSVG
0x00007ff81d7bc000 	/System/Library/PrivateFrameworks/SkyLight.framework/Versions/A/SkyLight
0x00007ff81db5a000 	/System/Library/Frameworks/CoreGraphics.framework/Versions/A/CoreGraphics
0x00007ff82a184000 	/System/Library/Frameworks/Accelerate.framework/Versions/A/Accelerate
0x00007ff8247cd000 	/System/Library/PrivateFrameworks/IconServices.framework/Versions/A/IconServices
0x00007ff8216a7000 	/System/Library/Frameworks/IOSurface.framework/Versions/A/IOSurface
0x00007ff81f232000 	/usr/lib/libDiagnosticMessagesClient.dylib
0x00007ff8239bf000 	/usr/lib/libz.1.dylib
0x00007ff82d867000 	/System/Library/Frameworks/ApplicationServices.framework/Versions/A/ApplicationServices
0x00007ff821d54000 	/System/Library/PrivateFrameworks/DFRFoundation.framework/Versions/A/DFRFoundation
0x00007ff81aba1000 	/usr/lib/libicucore.A.dylib
0x00007ff82675f000 	/System/Library/Frameworks/AudioToolbox.framework/Versions/A/AudioToolbox
0x00007ff825976000 	/System/Library/PrivateFrameworks/DataDetectorsCore.framework/Versions/A/DataDetectorsCore
0x00007ff921948000 	/System/Library/PrivateFrameworks/TextInput.framework/Versions/A/TextInput
0x00007ff81d73f000 	/usr/lib/libMobileGestalt.dylib
0x00007ff821a60000 	/System/Library/Frameworks/Carbon.framework/Versions/A/Frameworks/HIToolbox.framework/Versions/A/HIToolbox
0x00007ff81fe97000 	/System/Library/Frameworks/QuartzCore.framework/Versions/A/QuartzCore
0x00007ff81a848000 	/System/Library/Frameworks/Security.framework/Versions/A/Security
0x00007ff829afc000 	/System/Library/Frameworks/Carbon.framework/Versions/A/Frameworks/SpeechRecognition.framework/Versions/A/SpeechRecognition
0x00007ff8201f1000 	/System/Library/PrivateFrameworks/CoreUI.framework/Versions/A/CoreUI
0x00007ff81a114000 	/System/Library/Frameworks/CoreAudio.framework/Versions/A/CoreAudio
0x00007ff81f321000 	/System/Library/Frameworks/DiskArbitration.framework/Versions/A/DiskArbitration
0x00007ff82513a000 	/System/Library/PrivateFrameworks/MultitouchSupport.framework/Versions/A/MultitouchSupport
0x00007ff81d73e000 	/usr/lib/libenergytrace.dylib
0x00007ff81b1a5000 	/System/Library/Frameworks/IOKit.framework/Versions/A/IOKit
0x00007ff829eec000 	/System/Library/Frameworks/CoreServices.framework/Versions/A/CoreServices
0x00007ff82042b000 	/System/Library/PrivateFrameworks/PerformanceAnalysis.framework/Versions/A/PerformanceAnalysis
0x00007ffa30d54000 	/System/Library/Frameworks/OpenGL.framework/Versions/A/OpenGL
0x00007ff822fd9000 	/System/Library/PrivateFrameworks/MobileKeyBag.framework/Versions/A/MobileKeyBag
0x00007ff818762000 	/usr/lib/libobjc.A.dylib
0x00007ff81e284000 	/System/Library/Frameworks/ColorSync.framework/Versions/A/ColorSync
0x00007ff81891c000 	/System/Library/Frameworks/CoreFoundation.framework/Versions/A/CoreFoundation
0x00007ff821fe4000 	/System/Library/Frameworks/CoreImage.framework/Versions/A/CoreImage
0x00007ff819f2c000 	/System/Library/Frameworks/CoreText.framework/Versions/A/CoreText
0x00007ff821d9d000 	/System/Library/Frameworks/ImageIO.framework/Versions/A/ImageIO
0x00007ff823aab000 	/System/Library/PrivateFrameworks/SoftLinking.framework/Versions/A/SoftLinking
0x00007ff8204dc000 	/usr/lib/libxml2.2.dylib
0x00007ff818828000 	/usr/lib/libc++.1.dylib
0x00007ff823d2c000 	/usr/lib/libcompression.dylib
0x00007ff82589d000 	/System/Library/PrivateFrameworks/TextureIO.framework/Versions/A/TextureIO
0x00007ff824446000 	/usr/lib/libate.dylib
0x00007ff823aa0000 	/usr/lib/system/libcache.dylib
0x00007ff823a5c000 	/usr/lib/system/libcommonCrypto.dylib
0x00007ff823a85000 	/usr/lib/system/libcompiler_rt.dylib
0x00007ff823a7b000 	/usr/lib/system/libcopyfile.dylib
0x00007ff81865d000 	/usr/lib/system/libcorecrypto.dylib
0x00007ff81871b000 	/usr/lib/system/libdispatch.dylib
0x00007ff8188db000 	/usr/lib/system/libdyld.dylib
0x00007ff823a97000 	/usr/lib/system/libkeymgr.dylib
0x00007ff823a3a000 	/usr/lib/system/libmacho.dylib
0x00007ff8230b3000 	/usr/lib/system/libquarantine.dylib
0x00007ff823a95000 	/usr/lib/system/libremovefile.dylib
0x00007ff81d78c000 	/usr/lib/system/libsystem_asl.dylib
0x00007ff818606000 	/usr/lib/system/libsystem_blocks.dylib
0x00007ff81879f000 	/usr/lib/system/libsystem_c.dylib
0x00007ff823a8d000 	/usr/lib/system/libsystem_collections.dylib
0x00007ff8223de000 	/usr/lib/system/libsystem_configuration.dylib
0x00007ff82168a000 	/usr/lib/system/libsystem_containermanager.dylib
0x00007ff82376d000 	/usr/lib/system/libsystem_coreservices.dylib
0x00007ff81ae35000 	/usr/lib/system/libsystem_darwin.dylib
0x00007ff823a98000 	/usr/lib/system/libsystem_dnssd.dylib
0x00007ff81879c000 	/usr/lib/system/libsystem_featureflags.dylib
0x00007ff8188f1000 	/usr/lib/system/libsystem_info.dylib
0x00007ff8239d2000 	/usr/lib/system/libsystem_m.dylib
0x00007ff8186ef000 	/usr/lib/system/libsystem_malloc.dylib
0x00007ff81d727000 	/usr/lib/system/libsystem_networkextension.dylib
0x00007ff81b25b000 	/usr/lib/system/libsystem_notify.dylib
0x00007ff829dc1000 	/usr/lib/system/libsystem_product_info_filter.dylib
0x00007ff8223e2000 	/usr/lib/system/libsystem_sandbox.dylib
0x00007ff823a92000 	/usr/lib/system/libsystem_secinit.dylib
0x00007ff818897000 	/usr/lib/system/libsystem_kernel.dylib
0x00007ff8188e7000 	/usr/lib/system/libsystem_platform.dylib
0x00007ff8188cf000 	/usr/lib/system/libsystem_pthread.dylib
0x00007ff81f044000 	/usr/lib/system/libsystem_symptoms.dylib
0x00007ff818644000 	/usr/lib/system/libsystem_trace.dylib
0x00007ff823a68000 	/usr/lib/system/libunwind.dylib
0x00007ff818608000 	/usr/lib/system/libxpc.dylib
0x00007ff818881000 	/usr/lib/libc++abi.dylib
0x00007ff823a73000 	/usr/lib/liboah.dylib
0x00007ff824204000 	/usr/lib/liblzma.5.dylib
0x00007ff8193d8000 	/System/Library/Frameworks/SystemConfiguration.framework/Versions/A/SystemConfiguration
0x00007ff823aa7000 	/usr/lib/libfakelink.dylib
0x00007ff81d298000 	/System/Library/Frameworks/CFNetwork.framework/Versions/A/CFNetwork
0x00007ff823be8000 	/usr/lib/libarchive.2.dylib
0x00007ff8223ea000 	/System/Library/PrivateFrameworks/AppleSystemInfo.framework/Versions/A/AppleSystemInfo
0x00007ff8230da000 	/usr/lib/libbsm.0.dylib
0x00007ff81c8ab000 	/usr/lib/libnetwork.dylib
0x00007ff823a40000 	/usr/lib/system/libkxld.dylib
0x00007ff822d06000 	/System/Library/PrivateFrameworks/IOMobileFramebuffer.framework/Versions/A/IOMobileFramebuffer
0x00007ffb3043d000 	/usr/lib/libCoreEntitlements.dylib
0x00007ff82374f000 	/System/Library/PrivateFrameworks/AppleFSCompression.framework/Versions/A/AppleFSCompression
0x00007ff8230c2000 	/usr/lib/libcoretls.dylib
0x00007ff82421e000 	/usr/lib/libcoretls_cfhelpers.dylib
0x00007ff823d27000 	/usr/lib/libpam.2.dylib
0x00007ff81ec67000 	/usr/lib/libsqlite3.dylib
0x00007ff82428d000 	/usr/lib/libxar.1.dylib
0x00007ff82375f000 	/usr/lib/libbz2.1.0.dylib
0x00007ff823aac000 	/usr/lib/libpcap.A.dylib
0x00007ff81f03c000 	/usr/lib/libdns_services.dylib
0x00007ff823cfa000 	/usr/lib/libapple_nghttp2.dylib
0x00007ff823ae6000 	/usr/lib/libiconv.2.dylib
0x00007ff823a39000 	/usr/lib/libcharset.1.dylib
0x00007ff82045f000 	/System/Library/Frameworks/CoreServices.framework/Versions/A/Frameworks/FSEvents.framework/Versions/A/FSEvents
0x00007ff81ae3f000 	/System/Library/Frameworks/CoreServices.framework/Versions/A/Frameworks/CarbonCore.framework/Versions/A/CarbonCore
0x00007ff81f285000 	/System/Library/Frameworks/CoreServices.framework/Versions/A/Frameworks/Metadata.framework/Versions/A/Metadata
0x00007ff823772000 	/System/Library/Frameworks/CoreServices.framework/Versions/A/Frameworks/OSServices.framework/Versions/A/OSServices
0x00007ff823c6f000 	/System/Library/Frameworks/CoreServices.framework/Versions/A/Frameworks/SearchKit.framework/Versions/A/SearchKit
0x00007ff81efcf000 	/System/Library/Frameworks/CoreServices.framework/Versions/A/Frameworks/AE.framework/Versions/A/AE
0x00007ff818e1d000 	/System/Library/Frameworks/CoreServices.framework/Versions/A/Frameworks/LaunchServices.framework/Versions/A/LaunchServices
0x00007ff8241b5000 	/System/Library/Frameworks/CoreServices.framework/Versions/A/Frameworks/DictionaryServices.framework/Versions/A/DictionaryServices
0x00007ff82046c000 	/System/Library/Frameworks/CoreServices.framework/Versions/A/Frameworks/SharedFileList.framework/Versions/A/SharedFileList
0x00007ff8230b6000 	/usr/lib/libCheckFix.dylib
0x00007ff81d7a3000 	/System/Library/PrivateFrameworks/TCC.framework/Versions/A/TCC
0x00007ff8223f0000 	/System/Library/PrivateFrameworks/CoreNLP.framework/Versions/A/CoreNLP
0x00007ff81f235000 	/System/Library/PrivateFrameworks/MetadataUtilities.framework/Versions/A/MetadataUtilities
0x00007ff819488000 	/usr/lib/libmecabra.dylib
0x00007ff8230ea000 	/usr/lib/libmecab.dylib
0x00007ff819453000 	/usr/lib/libCRFSuite.dylib
0x00007ff823144000 	/usr/lib/libgermantok.dylib
0x00007ff823cd5000 	/usr/lib/libThaiTokenizer.dylib
0x00007ff81f328000 	/System/Library/Frameworks/Accelerate.framework/Versions/A/Frameworks/vImage.framework/Versions/A/vImage
0x00007ff829ec3000 	/System/Library/Frameworks/Accelerate.framework/Versions/A/Frameworks/vecLib.framework/Versions/A/vecLib
0x00007ff8242ce000 	/System/Library/Frameworks/Accelerate.framework/Versions/A/Frameworks/vecLib.framework/Versions/A/libvMisc.dylib
0x00007ff822b05000 	/System/Library/Frameworks/Accelerate.framework/Versions/A/Frameworks/vecLib.framework/Versions/A/libvDSP.dylib
0x00007ff819197000 	/System/Library/Frameworks/Accelerate.framework/Versions/A/Frameworks/vecLib.framework/Versions/A/libBLAS.dylib
0x00007ff823e0a000 	/System/Library/Frameworks/Accelerate.framework/Versions/A/Frameworks/vecLib.framework/Versions/A/libLAPACK.dylib
0x00007ff823147000 	/System/Library/Frameworks/Accelerate.framework/Versions/A/Frameworks/vecLib.framework/Versions/A/libLinearAlgebra.dylib
0x00007ff823d12000 	/System/Library/Frameworks/Accelerate.framework/Versions/A/Frameworks/vecLib.framework/Versions/A/libSparseBLAS.dylib
0x00007ff823e04000 	/System/Library/Frameworks/Accelerate.framework/Versions/A/Frameworks/vecLib.framework/Versions/A/libQuadrature.dylib
0x00007ff8224db000 	/System/Library/Frameworks/Accelerate.framework/Versions/A/Frameworks/vecLib.framework/Versions/A/libBNNS.dylib
0x00007ff819369000 	/System/Library/Frameworks/Accelerate.framework/Versions/A/Frameworks/vecLib.framework/Versions/A/libSparse.dylib
0x00007ff8224d4000 	/System/Library/PrivateFrameworks/LinguisticData.framework/Versions/A/LinguisticData
0x00007ff81931f000 	/System/Library/PrivateFrameworks/Lexicon.framework/Versions/A/Lexicon
0x00007ff8242c7000 	/usr/lib/libChineseTokenizer.dylib
0x00007ff819a81000 	/System/Library/PrivateFrameworks/LanguageModeling.framework/Versions/A/LanguageModeling
0x00007ff823cd7000 	/System/Library/PrivateFrameworks/AppleSauce.framework/Versions/A/AppleSauce
0x00007ff822cf4000 	/System/Library/PrivateFrameworks/CoreEmoji.framework/Versions/A/CoreEmoji
0x00007ff823bd7000 	/usr/lib/libcmph.dylib
0x00007ff820443000 	/System/Library/Frameworks/OpenDirectory.framework/Versions/A/Frameworks/CFOpenDirectory.framework/Versions/A/CFOpenDirectory
0x00007ff820437000 	/System/Library/Frameworks/OpenDirectory.framework/Versions/A/OpenDirectory
0x00007ff824220000 	/System/Library/PrivateFrameworks/APFS.framework/Versions/A/APFS
0x00007ff823011000 	/System/Library/Frameworks/SecurityFoundation.framework/Versions/A/SecurityFoundation
0x00007ff82429b000 	/usr/lib/libutil.dylib
0x00007ff81b169000 	/System/Library/PrivateFrameworks/CoreServicesStore.framework/Versions/A/CoreServicesStore
0x00007ff82429f000 	/usr/lib/libxslt.1.dylib
0x00007ff82309e000 	/System/Library/PrivateFrameworks/BackgroundTaskManagement.framework/Versions/A/BackgroundTaskManagement
0x00007ff8257be000 	/System/Library/Frameworks/ImageIO.framework/Versions/A/Resources/libRadiance.dylib
0x00007ff8257c7000 	/System/Library/Frameworks/ImageIO.framework/Versions/A/Resources/libJPEG.dylib
0x00007ff825719000 	/System/Library/Frameworks/ImageIO.framework/Versions/A/Resources/libPng.dylib
0x00007ff82573a000 	/System/Library/Frameworks/ImageIO.framework/Versions/A/Resources/libTIFF.dylib
0x00007ff825826000 	/System/Library/Frameworks/ImageIO.framework/Versions/A/Resources/libGIF.dylib
0x00007ff825056000 	/System/Library/Frameworks/ImageIO.framework/Versions/A/Resources/libJP2.dylib
0x00007ff824794000 	/usr/lib/libexpat.1.dylib
0x00007ff82500b000 	/System/Library/PrivateFrameworks/AppleJPEG.framework/Versions/A/AppleJPEG
0x00007ff821924000 	/System/Library/PrivateFrameworks/FontServices.framework/libFontParser.dylib
0x00007ff81ef79000 	/System/Library/PrivateFrameworks/RunningBoardServices.framework/Versions/A/RunningBoardServices
0x00007ff830176000 	/System/Library/PrivateFrameworks/IOSurfaceAccelerator.framework/Versions/A/IOSurfaceAccelerator
0x00007ff825136000 	/System/Library/PrivateFrameworks/WatchdogClient.framework/Versions/A/WatchdogClient
0x00007ff819b6f000 	/System/Library/Frameworks/CoreDisplay.framework/Versions/A/CoreDisplay
0x00007ff821822000 	/System/Library/Frameworks/CoreMedia.framework/Versions/A/CoreMedia
0x00007ff8216b9000 	/System/Library/PrivateFrameworks/IOAccelerator.framework/Versions/A/IOAccelerator
0x00007ff8205c0000 	/System/Library/Frameworks/CoreVideo.framework/Versions/A/CoreVideo
0x00007ff823d25000 	/System/Library/Frameworks/MetalPerformanceShaders.framework/Versions/A/MetalPerformanceShaders
0x00007ff825173000 	/System/Library/Frameworks/VideoToolbox.framework/Versions/A/VideoToolbox
0x00007ff81eec3000 	/System/Library/PrivateFrameworks/BaseBoard.framework/Versions/A/BaseBoard
0x00007ff81ec4d000 	/System/Library/PrivateFrameworks/ProtocolBuffer.framework/Versions/A/ProtocolBuffer
0x00007ff8257b7000 	/System/Library/PrivateFrameworks/GPUWrangler.framework/Versions/A/GPUWrangler
0x00007ff82579b000 	/System/Library/PrivateFrameworks/IOPresentment.framework/Versions/A/IOPresentment
0x00007ff8257c1000 	/System/Library/PrivateFrameworks/DSExternalDisplay.framework/Versions/A/DSExternalDisplay
0x00007ffa30d48000 	/System/Library/Frameworks/OpenGL.framework/Versions/A/Libraries/libCoreFSCache.dylib
0x00007ffb1dbe6000 	/System/Library/PrivateFrameworks/GPUCompiler.framework/Versions/31001/Libraries/libGPUCompilerUtils.dylib
0x00007ff82582b000 	/System/Library/PrivateFrameworks/CMCaptureCore.framework/Versions/A/CMCaptureCore
0x00007ff824d3c000 	/System/Library/PrivateFrameworks/AppServerSupport.framework/Versions/A/AppServerSupport
0x00007ff826ff7000 	/System/Library/PrivateFrameworks/perfdata.framework/Versions/A/perfdata
0x00007ff819c9b000 	/System/Library/PrivateFrameworks/AudioToolboxCore.framework/Versions/A/AudioToolboxCore
0x00007ff821800000 	/System/Library/PrivateFrameworks/caulk.framework/Versions/A/caulk
0x00007ff826909000 	/usr/lib/libAudioStatistics.dylib
0x00007ff91e0f6000 	/System/Library/PrivateFrameworks/SystemPolicy.framework/Versions/A/SystemPolicy
0x00007ff826b64000 	/usr/lib/libSMC.dylib
0x00007ff82fa71000 	/System/Library/Frameworks/CoreMIDI.framework/Versions/A/CoreMIDI
0x00007ff8256e8000 	/usr/lib/libAudioToolboxUtility.dylib
0x00007ff91a399000 	/System/Library/PrivateFrameworks/OSAServicesClient.framework/Versions/A/OSAServicesClient
0x00007ff827004000 	/usr/lib/libperfcheck.dylib
0x00007ff91eba0000 	/usr/lib/libmis.dylib
0x00007ffa30da3000 	/System/Library/Frameworks/OpenGL.framework/Versions/A/Libraries/libGLU.dylib
0x00007ffa30d67000 	/System/Library/Frameworks/OpenGL.framework/Versions/A/Libraries/libGFXShared.dylib
0x00007ffa30f70000 	/System/Library/Frameworks/OpenGL.framework/Versions/A/Libraries/libGL.dylib
0x00007ffa30d70000 	/System/Library/Frameworks/OpenGL.framework/Versions/A/Libraries/libGLImage.dylib
0x00007ffa30d64000 	/System/Library/Frameworks/OpenGL.framework/Versions/A/Libraries/libCVMSPluginSupport.dylib
0x00007ffa30d4f000 	/System/Library/Frameworks/OpenGL.framework/Versions/A/Libraries/libCoreVMClient.dylib
0x00007ff82236c000 	/System/Library/Frameworks/MetalPerformanceShaders.framework/Versions/A/Frameworks/MPSCore.framework/Versions/A/MPSCore
0x00007ff8236ba000 	/System/Library/Frameworks/MetalPerformanceShaders.framework/Versions/A/Frameworks/MPSImage.framework/Versions/A/MPSImage
0x00007ff82315d000 	/System/Library/Frameworks/MetalPerformanceShaders.framework/Versions/A/Frameworks/MPSNeuralNetwork.framework/Versions/A/MPSNeuralNetwork
0x00007ff8235d1000 	/System/Library/Frameworks/MetalPerformanceShaders.framework/Versions/A/Frameworks/MPSMatrix.framework/Versions/A/MPSMatrix
0x00007ff82338c000 	/System/Library/Frameworks/MetalPerformanceShaders.framework/Versions/A/Frameworks/MPSRayIntersector.framework/Versions/A/MPSRayIntersector
0x00007ff823609000 	/System/Library/Frameworks/MetalPerformanceShaders.framework/Versions/A/Frameworks/MPSNDArray.framework/Versions/A/MPSNDArray
0x00007ffa35cd0000 	/System/Library/Frameworks/MetalPerformanceShaders.framework/Versions/A/Frameworks/MPSFunctions.framework/Versions/A/MPSFunctions
0x00007ff819074000 	/System/Library/PrivateFrameworks/MetalTools.framework/Versions/A/MetalTools
0x00007ff8223e8000 	/System/Library/PrivateFrameworks/AggregateDictionary.framework/Versions/A/AggregateDictionary
0x00007ff824576000 	/usr/lib/libIOReport.dylib
0x00007ffa3237f000 	/System/Library/Frameworks/OpenCL.framework/Versions/A/OpenCL
0x00007ff8248da000 	/System/Library/PrivateFrameworks/FaceCore.framework/Versions/A/FaceCore
0x00007ff8248cb000 	/System/Library/PrivateFrameworks/GraphVisualizer.framework/Versions/A/GraphVisualizer
0x00007ffb1daf1000 	/System/Library/PrivateFrameworks/FontServices.framework/Versions/A/FontServices
0x00007ff824cf4000 	/System/Library/PrivateFrameworks/OTSVG.framework/Versions/A/OTSVG
0x00007ff8201a7000 	/System/Library/Frameworks/ApplicationServices.framework/Versions/A/Frameworks/ATS.framework/Versions/A/Resources/libFontRegistry.dylib
0x00007ff824d44000 	/System/Library/PrivateFrameworks/FontServices.framework/libhvf.dylib
0x00007ffb1daf2000 	/System/Library/PrivateFrameworks/FontServices.framework/libXTFontStaticRegistryData.dylib
0x00007ff824744000 	/System/Library/PrivateFrameworks/AppleVA.framework/Versions/A/AppleVA
0x00007ff826929000 	/System/Library/Frameworks/ApplicationServices.framework/Versions/A/Frameworks/ATS.framework/Versions/A/ATS
0x00007ff81e380000 	/System/Library/Frameworks/ApplicationServices.framework/Versions/A/Frameworks/HIServices.framework/Versions/A/HIServices
0x00007ff825835000 	/System/Library/Frameworks/ApplicationServices.framework/Versions/A/Frameworks/PrintCore.framework/Versions/A/PrintCore
0x00007ff826cb7000 	/System/Library/Frameworks/ApplicationServices.framework/Versions/A/Frameworks/QD.framework/Versions/A/QD
0x00007ff826caf000 	/System/Library/Frameworks/ApplicationServices.framework/Versions/A/Frameworks/ColorSyncLegacy.framework/Versions/A/ColorSyncLegacy
0x00007ff826919000 	/System/Library/Frameworks/ApplicationServices.framework/Versions/A/Frameworks/SpeechSynthesis.framework/Versions/A/SpeechSynthesis
0x00007ff8257f6000 	/System/Library/Frameworks/ApplicationServices.framework/Versions/A/Frameworks/ATSUI.framework/Versions/A/ATSUI
0x00007ff826c44000 	/usr/lib/libcups.2.dylib
0x00007ff827013000 	/System/Library/Frameworks/Kerberos.framework/Versions/A/Kerberos
0x00007ff827022000 	/System/Library/Frameworks/GSS.framework/Versions/A/GSS
0x00007ff826995000 	/usr/lib/libresolv.9.dylib
0x00007ff824d53000 	/System/Library/PrivateFrameworks/Heimdal.framework/Versions/A/Heimdal
0x00007ff82dbef000 	/System/Library/Frameworks/Kerberos.framework/Versions/A/Libraries/libHeimdalProxy.dylib
0x00007ff81f04c000 	/System/Library/Frameworks/Network.framework/Versions/A/Network
0x00007ff8247ae000 	/usr/lib/libheimdal-asn1.dylib
0x00007ff82706d000 	/System/Library/PrivateFrameworks/CommonAuth.framework/Versions/A/CommonAuth
0x00007ff82689b000 	/System/Library/PrivateFrameworks/AudioSession.framework/Versions/A/AudioSession
0x00007ff82483e000 	/System/Library/PrivateFrameworks/MediaExperience.framework/Versions/A/MediaExperience
0x00007ff82672e000 	/System/Library/PrivateFrameworks/AudioSession.framework/libSessionUtility.dylib
0x00007ff826cc3000 	/System/Library/PrivateFrameworks/AudioResourceArbitration.framework/Versions/A/AudioResourceArbitration
0x00007ff82ad36000 	/System/Library/PrivateFrameworks/PowerLog.framework/Versions/A/PowerLog
0x00007ff8247b7000 	/System/Library/PrivateFrameworks/IconFoundation.framework/Versions/A/IconFoundation
0x00007ff829aec000 	/System/Library/PrivateFrameworks/SpeechRecognitionCore.framework/Versions/A/SpeechRecognitionCore
0x0000000109ab3000 	/Library/Internet Plug-Ins/JavaAppletPlugin.plugin/Contents/Home/lib/server/libjvm.dylib
0x0000000108d00000 	/Library/Internet Plug-Ins/JavaAppletPlugin.plugin/Contents/Home/lib/libverify.dylib
0x0000000108d58000 	/Library/Internet Plug-Ins/JavaAppletPlugin.plugin/Contents/Home/lib/libjava.dylib
0x0000000108d32000 	/Library/Internet Plug-Ins/JavaAppletPlugin.plugin/Contents/Home/lib/libzip.dylib
0x0000000121448000 	/Library/Internet Plug-Ins/JavaAppletPlugin.plugin/Contents/Home/lib/libprism_es2.dylib
0x00007ff81b12b000 	/System/Library/PrivateFrameworks/CoreServicesInternal.framework/Versions/A/CoreServicesInternal
0x00007ffa30f7b000 	/System/Library/Frameworks/OpenGL.framework/Versions/A/Resources/GLEngine.bundle/GLEngine
0x00007ffa30de1000 	/System/Library/Frameworks/OpenGL.framework/Versions/A/Libraries/libGLProgrammability.dylib
0x0000000121cb9000 	/System/Library/Extensions/AppleMetalOpenGLRenderer.bundle/Contents/MacOS/AppleMetalOpenGLRenderer
0x00007ffa31105000 	/System/Library/Frameworks/OpenGL.framework/Versions/A/Resources/GLRendererFloat.bundle/GLRendererFloat
0x00007ffa32f1d000 	/System/Library/Extensions/AGXMetal13_3.bundle/Contents/MacOS/AGXMetal13_3
0x00007ff91ebbb000 	/System/Library/PrivateFrameworks/GPURawCounter.framework/Versions/A/GPURawCounter
0x00007ff919541000 	/System/Library/PrivateFrameworks/IOGPU.framework/Versions/A/IOGPU
0x000000012204d000 	/Library/Internet Plug-Ins/JavaAppletPlugin.plugin/Contents/Home/lib/libglass.dylib
0x00007ff82b327000 	/System/Library/Frameworks/FileProvider.framework/Versions/A/FileProvider
0x00007ff81ee30000 	/System/Library/Frameworks/Accounts.framework/Versions/A/Accounts
0x00007ff82b4a0000 	/System/Library/PrivateFrameworks/GenerationalStorage.framework/Versions/A/GenerationalStorage
0x00007ff82bfb3000 	/System/Library/PrivateFrameworks/CoreSymbolication.framework/Versions/A/CoreSymbolication
0x00007ff82ad2b000 	/System/Library/PrivateFrameworks/SymptomDiagnosticReporter.framework/Versions/A/SymptomDiagnosticReporter
0x00007ff81c3e9000 	/System/Library/PrivateFrameworks/DesktopServicesPriv.framework/Versions/A/DesktopServicesPriv
0x00007ff81b26a000 	/usr/lib/libsandbox.1.dylib
0x00007ff82063f000 	/System/Library/PrivateFrameworks/UserManagement.framework/Versions/A/UserManagement
0x00007ff82bf78000 	/System/Library/PrivateFrameworks/DebugSymbols.framework/Versions/A/DebugSymbols
0x00007ff826ca4000 	/System/Library/PrivateFrameworks/NetAuth.framework/Versions/A/NetAuth
0x00007ff827bb1000 	/System/Library/PrivateFrameworks/Sharing.framework/Versions/A/Sharing
0x00007ff820612000 	/System/Library/PrivateFrameworks/login.framework/Versions/A/Frameworks/loginsupport.framework/Versions/A/loginsupport
0x00007ff82d116000 	/System/Library/PrivateFrameworks/Apple80211.framework/Versions/A/Apple80211
0x00007ff82379f000 	/System/Library/PrivateFrameworks/AuthKit.framework/Versions/A/AuthKit
0x00007ff822dea000 	/System/Library/PrivateFrameworks/CoreUtils.framework/Versions/A/CoreUtils
0x00007ff822d11000 	/System/Library/Frameworks/CoreWLAN.framework/Versions/A/CoreWLAN
0x00007ff827d10000 	/System/Library/Frameworks/IOBluetooth.framework/Versions/A/IOBluetooth
0x00007ff82d17e000 	/System/Library/PrivateFrameworks/CoreWiFi.framework/Versions/A/CoreWiFi
0x00007ff82bb4a000 	/System/Library/PrivateFrameworks/FrontBoardServices.framework/Versions/A/FrontBoardServices
0x00007ff82bbdb000 	/System/Library/PrivateFrameworks/BoardServices.framework/Versions/A/BoardServices
0x00007ff823000000 	/System/Library/PrivateFrameworks/AssertionServices.framework/Versions/A/AssertionServices
0x00007ff82d301000 	/System/Library/PrivateFrameworks/BackBoardServices.framework/Versions/A/BackBoardServices
0x00007ff8270fe000 	/System/Library/PrivateFrameworks/CorePhoneNumbers.framework/Versions/A/CorePhoneNumbers
0x00007ff82ae48000 	/System/Library/PrivateFrameworks/DiskManagement.framework/Versions/A/DiskManagement
0x00007ff82ad5c000 	/System/Library/PrivateFrameworks/AppleIDAuthSupport.framework/Versions/A/AppleIDAuthSupport
0x00007ffa38291000 	/System/Library/PrivateFrameworks/AAAFoundation.framework/Versions/A/AAAFoundation
0x00007ff8270df000 	/System/Library/PrivateFrameworks/KeychainCircle.framework/Versions/A/KeychainCircle
0x00007ff82ae14000 	/System/Library/PrivateFrameworks/MediaKit.framework/Versions/A/MediaKit
0x00007ff82ad68000 	/System/Library/Frameworks/DiscRecording.framework/Versions/A/DiscRecording
0x00007ff8246bc000 	/usr/lib/libCoreStorage.dylib
0x00007ff82d5ef000 	/usr/lib/libcsfde.dylib
0x00007ff827ddd000 	/System/Library/PrivateFrameworks/ProtectedCloudStorage.framework/Versions/A/ProtectedCloudStorage
0x00007ff82d5eb000 	/System/Library/PrivateFrameworks/EFILogin.framework/Versions/A/EFILogin
0x00007ff82b4c6000 	/System/Library/PrivateFrameworks/OctagonTrust.framework/Versions/A/OctagonTrust
0x00007ffb1cd60000 	/System/Library/PrivateFrameworks/CoreUtilsExtras.framework/Versions/A/CoreUtilsExtras
0x00007ff82ac8f000 	/System/Library/Frameworks/CoreBluetooth.framework/Versions/A/CoreBluetooth
0x00007ff82dc74000 	/System/Library/Frameworks/AudioUnit.framework/Versions/A/AudioUnit
0x00007ff8246b4000 	/usr/lib/libMatch.1.dylib
0x00007ff923179000 	/System/Library/Frameworks/Accelerate.framework/Versions/A/Frameworks/vImage.framework/Versions/A/Libraries/libCGInterfaces.dylib
0x00000001235b2000 	/usr/lib/libobjc-trampolines.dylib
0x00007ff820337000 	/System/Library/PrivateFrameworks/ViewBridge.framework/Versions/A/ViewBridge
0x0000000124e77000 	/Library/Internet Plug-Ins/JavaAppletPlugin.plugin/Contents/Home/lib/libjavafx_font.dylib
0x00007ff824e0a000 	/System/Library/PrivateFrameworks/login.framework/Versions/A/login
0x000000012882f000 	/Library/Internet Plug-Ins/JavaAppletPlugin.plugin/Contents/Home/lib/libprism_common.dylib
0x00007ffb3054c000 	/usr/lib/libRosetta.dylib
0x00007ff82a208000 	/System/Library/PrivateFrameworks/SystemAdministration.framework/Versions/A/SystemAdministration
0x00007ff825a5f000 	/System/Library/Frameworks/MediaToolbox.framework/Versions/A/MediaToolbox
0x00007ff829ab8000 	/System/Library/Frameworks/DirectoryService.framework/Versions/A/DirectoryService
0x00007ff82d48d000 	/System/Library/PrivateFrameworks/DiskImages.framework/Versions/A/DiskImages
0x00007ff8230a8000 	/System/Library/Frameworks/ServiceManagement.framework/Versions/A/ServiceManagement
0x00007ff82d669000 	/System/Library/PrivateFrameworks/LoginUIKit.framework/Versions/A/Frameworks/LoginUICore.framework/Versions/A/LoginUICore
0x00007ff824fb3000 	/usr/lib/libodfde.dylib
0x00007ff82b2f7000 	/System/Library/PrivateFrameworks/CoreAVCHD.framework/Versions/A/CoreAVCHD
0x00007ff82a1cc000 	/System/Library/Frameworks/MediaAccessibility.framework/Versions/A/MediaAccessibility
0x00007ff82b2f3000 	/System/Library/PrivateFrameworks/Mangrove.framework/Versions/A/Mangrove
0x00007ff82a1d7000 	/System/Library/PrivateFrameworks/AlgosScoreFramework.framework/Versions/A/AlgosScoreFramework
0x00007ffb1a05a000 	/System/Library/PrivateFrameworks/CMPhoto.framework/Versions/A/CMPhoto
0x00007ff82be4e000 	/System/Library/PrivateFrameworks/AppleVPA.framework/Versions/A/AppleVPA
0x00007ff82af38000 	/System/Library/PrivateFrameworks/CoreAUC.framework/Versions/A/CoreAUC
0x00007ff82d5fb000 	/usr/lib/libcurl.4.dylib
0x00007ffb309b8000 	/usr/lib/libcrypto.46.dylib
0x00007ffb30ea9000 	/usr/lib/libssl.48.dylib
0x00007ff82d31f000 	/System/Library/Frameworks/LDAP.framework/Versions/A/LDAP
0x00007ff82d357000 	/System/Library/PrivateFrameworks/TrustEvaluationAgent.framework/Versions/A/TrustEvaluationAgent
0x00007ff8269ae000 	/usr/lib/libsasl2.2.dylib
0x00007ff82a1fc000 	/System/Library/PrivateFrameworks/CoreDaemon.framework/Versions/B/CoreDaemon
0x00007ff82a1f7000 	/System/Library/PrivateFrameworks/AppleSRP.framework/Versions/A/AppleSRP
0x000000012c425000 	/Library/Internet Plug-Ins/JavaAppletPlugin.plugin/Contents/Home/lib/libawt.dylib
0x000000012c61e000 	/Library/Internet Plug-Ins/JavaAppletPlugin.plugin/Contents/Home/lib/libmlib_image.dylib
0x00007ffa35c2d000 	/System/Library/Frameworks/JavaNativeFoundation.framework/Versions/A/JavaNativeFoundation
0x00007ffa35c39000 	/System/Library/Frameworks/JavaRuntimeSupport.framework/Versions/A/JavaRuntimeSupport
0x00007ff91dc1b000 	/System/Library/Frameworks/Carbon.framework/Versions/A/Carbon
0x00007ff831504000 	/System/Library/Frameworks/Carbon.framework/Versions/A/Frameworks/CommonPanels.framework/Versions/A/CommonPanels
0x00007ff82d5e7000 	/System/Library/Frameworks/Carbon.framework/Versions/A/Frameworks/Help.framework/Versions/A/Help
0x00007ff831508000 	/System/Library/Frameworks/Carbon.framework/Versions/A/Frameworks/ImageCapture.framework/Versions/A/ImageCapture
0x00007ff8314d8000 	/System/Library/Frameworks/Carbon.framework/Versions/A/Frameworks/OpenScripting.framework/Versions/A/OpenScripting
0x00007ff831500000 	/System/Library/Frameworks/Carbon.framework/Versions/A/Frameworks/Ink.framework/Versions/A/Ink
0x00007ff91dc17000 	/System/Library/Frameworks/Carbon.framework/Versions/A/Frameworks/Print.framework/Versions/A/Print
0x00007ff8314fc000 	/System/Library/Frameworks/Carbon.framework/Versions/A/Frameworks/SecurityHI.framework/Versions/A/SecurityHI
0x000000012d35a000 	/Library/Internet Plug-Ins/JavaAppletPlugin.plugin/Contents/Home/lib/libawt_lwawt.dylib
0x000000012c3c7000 	/Library/Internet Plug-Ins/JavaAppletPlugin.plugin/Contents/Home/lib/libosxapp.dylib
0x00007ff91d005000 	/System/Library/Frameworks/ExceptionHandling.framework/Versions/A/ExceptionHandling
0x000000012d294000 	/Library/Internet Plug-Ins/JavaAppletPlugin.plugin/Contents/Home/lib/libfontmanager.dylib
0x00007ff91e974000 	/System/Library/PrivateFrameworks/HIDAnalytics.framework/Versions/A/HIDAnalytics

VM Arguments:
jvm_args: -Dfile.encoding=UTF-8 
java_command: application.Main
java_class_path (initial): /Users/deanbeanpotato/git/repository8/Final/bin:/Users/deanbeanpotato/.p2/pool/plugins/org.eclipse.fx.ide.css.jfx8_3.7.0.202010120832.jar
Launcher Type: SUN_STANDARD

Environment Variables:
PATH=/usr/bin:/bin:/usr/sbin:/sbin
SHELL=/bin/zsh

Signal Handlers:
SIGSEGV: [libjvm.dylib+0x59cd83], sa_mask[0]=11111111111111111111111111111111, sa_flags=SA_ONSTACK|SA_RESTART|SA_SIGINFO
SIGBUS: [libjvm.dylib+0x59cd83], sa_mask[0]=11111111111111111111111111111111, sa_flags=SA_RESTART|SA_SIGINFO
SIGFPE: [libjvm.dylib+0x59cd83], sa_mask[0]=11111111111111111111111111111111, sa_flags=SA_RESTART|SA_SIGINFO
SIGPIPE: [libjvm.dylib+0x4905af], sa_mask[0]=11111111111111111111111111111111, sa_flags=SA_RESTART|SA_SIGINFO
SIGXFSZ: [libjvm.dylib+0x4905af], sa_mask[0]=11111111111111111111111111111111, sa_flags=SA_RESTART|SA_SIGINFO
SIGILL: [libjvm.dylib+0x59cd83], sa_mask[0]=11111111111111111111111111111111, sa_flags=SA_RESTART|SA_SIGINFO
SIGUSR1: SIG_DFL, sa_mask[0]=00000000000000000000000000000000, sa_flags=none
SIGUSR2: [libjvm.dylib+0x490eaa], sa_mask[0]=00100000000000000000000000000000, sa_flags=SA_RESTART|SA_SIGINFO
SIGHUP: [libjvm.dylib+0x48f0ef], sa_mask[0]=11111111111111111111111111111111, sa_flags=SA_RESTART|SA_SIGINFO
SIGINT: [libjvm.dylib+0x48f0ef], sa_mask[0]=11111111111111111111111111111111, sa_flags=SA_RESTART|SA_SIGINFO
SIGTERM: [libjvm.dylib+0x48f0ef], sa_mask[0]=11111111111111111111111111111111, sa_flags=SA_RESTART|SA_SIGINFO
SIGQUIT: [libjvm.dylib+0x48f0ef], sa_mask[0]=11111111111111111111111111111111, sa_flags=SA_RESTART|SA_SIGINFO


---------------  S Y S T E M  ---------------

OS:Bsduname:Darwin 21.4.0 Darwin Kernel Version 21.4.0: Mon Feb 21 20:36:53 PST 2022; root:xnu-8020.101.4~2/RELEASE_ARM64_T8101 x86_64
rlimit: STACK 8176k, CORE 0k, NPROC 1333, NOFILE 10240, AS infinity
load average:1.81 1.81 1.74

CPU:total 8 (initial active 8) (1 cores per cpu, 1 threads per core) family 6 model 44 stepping 0, cmov, cx8, fxsr, mmx, sse, sse2, sse3, ssse3, sse4.1, sse4.2, popcnt, aes, clmul, tsc, tscinvbit, tscinv

Memory: 4k page, physical 8388608k(32808k free)

/proc/meminfo:


vm_info: Java HotSpot(TM) 64-Bit Server VM (25.333-b02) for bsd-amd64 JRE (1.8.0_333-b02), built on Apr 26 2022 06:41:53 by "java_re" with gcc 4.2.1 Compatible Apple LLVM 11.0.0 (clang-1100.0.33.17)

time: Thu May 26 10:01:58 2022
timezone: EDT
elapsed time: 88.581000 seconds (0d 0h 1m 28s)

